2017-05-29 17:27:48-0400 [-] Loading buildbot.tac...
2017-05-29 17:27:48-0400 [-] Loaded.
2017-05-29 17:27:48-0400 [-] twistd 17.1.0 (/home/frocbot/buildbot/sandbox/bin/python 2.7.6) starting up.
2017-05-29 17:27:48-0400 [-] reactor class: twisted.internet.epollreactor.EPollReactor.
2017-05-29 17:27:48-0400 [-] Starting BuildMaster -- buildbot.version: 0.9.7
2017-05-29 17:27:48-0400 [-] Loading configuration from '/home/frocbot/buildbot/master/master.cfg'
2017-05-29 17:27:48-0400 [-] /home/frocbot/buildbot/sandbox/local/lib/python2.7/site-packages/buildbot/config.py:99: buildbot.config.ConfigWarning: [0.9.0 and later] `buildbotNetUsageData` is not configured and defaults to basic.
	This parameter helps the buildbot development team to understand the installation base.
	No personal information is collected.
	Only installation software version info and plugin usage is sent.
	You can `opt-out` by setting this variable to None.
	Or `opt-in` for more information by setting it to "full".
	
2017-05-29 17:27:48-0400 [-] Setting up database with URL 'sqlite:/state.sqlite'
2017-05-29 17:27:48-0400 [-] setting database journal mode to 'wal'
2017-05-29 17:27:48-0400 [-] adding 1 new change_sources, removing 0
2017-05-29 17:27:49-0400 [-] adding 1 new builders, removing 0
2017-05-29 17:27:49-0400 [-] adding 2 new schedulers, removing 0
2017-05-29 17:27:49-0400 [-] Periodic scheduler <5-min>: missed scheduled build time - building immediately
2017-05-29 17:27:49-0400 [-] initializing www plugin 'waterfall_view'
2017-05-29 17:27:49-0400 [-] initializing www plugin 'console_view'
2017-05-29 17:27:49-0400 [-] BuildbotSite starting on 9080
2017-05-29 17:27:49-0400 [-] Starting factory <buildbot.www.service.BuildbotSite instance at 0x7f43ef784d88>
2017-05-29 17:27:49-0400 [-] adding 1 new workers, removing 0
2017-05-29 17:27:49-0400 [-] PBServerFactory starting on 9088
2017-05-29 17:27:49-0400 [-] Starting factory <twisted.spread.pb.PBServerFactory instance at 0x7f43eec7e440>
2017-05-29 17:27:49-0400 [-] added buildset 1 to database
2017-05-29 17:27:49-0400 [-] BuildMaster is running
2017-05-29 17:27:49-0400 [-] buildbotNetUsageData: sending {'installid': '76f5c95f1e959108282fa9eff0d502e9425f2704', 'versions': {'Python': '2.7.6', 'Twisted': '17.1.0', 'Buildbot': '0.9.7'}, 'db': 'sqlite', 'platform': {'python_implementation': 'CPython', 'system': 'Linux', 'machine': 'x86_64', 'platform': 'Linux-4.4.0-75-generic-x86_64-with-Ubuntu-14.04-trusty', 'version': '#96~14.04.1-Ubuntu SMP Thu Apr', 'processor': 'x86_64', 'distro': 'ubuntu:14.04'}, 'mq': 'simple', 'plugins': {'buildbot/steps/source/git/Git': 1, 'buildbot/steps/shell/ShellCommand': 5, 'buildbot/worker/base/Worker': 1, 'buildbot/schedulers/timed/Periodic': 1, 'buildbot/schedulers/basic/SingleBranchScheduler': 1, 'buildbot/changes/gitpoller/GitPoller': 1, 'buildbot/config/BuilderConfig': 1}, 'www_plugins': ['waterfall_view', 'console_view']}
2017-05-29 17:27:50-0400 [-] buildbotNetUsageData: buildbot.net said: ok
2017-05-29 17:29:38-0400 [Broker,0,127.0.0.1] worker 'FRoC-worker' attaching from IPv4Address(TCP, '127.0.0.1', 60692)
2017-05-29 17:29:38-0400 [Broker,0,127.0.0.1] Got workerinfo from 'FRoC-worker'
2017-05-29 17:29:38-0400 [-] bot attached
2017-05-29 17:29:38-0400 [Broker,0,127.0.0.1] Worker FRoC-worker attached to FRoC_build
2017-05-29 17:29:38-0400 [-] starting build <Build FRoC_build number:None results:success> using worker <WorkerForBuilder builder=u'FRoC_build' worker=u'FRoC-worker' state=AVAILABLE>
2017-05-29 17:29:38-0400 [-] <Build FRoC_build number:None results:success>.startBuild
2017-05-29 17:29:38-0400 [-] acquireLocks(worker <Worker u'FRoC-worker'>, locks [])
2017-05-29 17:29:38-0400 [-] starting build <Build FRoC_build number:1 results:success>.. pinging the worker <WorkerForBuilder builder=u'FRoC_build' worker=u'FRoC-worker' state=BUILDING>
2017-05-29 17:29:38-0400 [-] sending ping
2017-05-29 17:29:38-0400 [Broker,0,127.0.0.1] ping finished: success
2017-05-29 17:29:38-0400 [-] <RemoteShellCommand '['git', '--version']'>: RemoteCommand.run [0]
2017-05-29 17:29:38-0400 [-] command '['git', '--version']' in dir 'build'
2017-05-29 17:29:38-0400 [Broker,0,127.0.0.1] <RemoteShellCommand '['git', '--version']'> rc=0
2017-05-29 17:29:38-0400 [-] <RemoteCommand 'stat' at 139929745571536>: RemoteCommand.run [1]
2017-05-29 17:29:38-0400 [Broker,0,127.0.0.1] <RemoteCommand 'stat' at 139929745571536> rc=2
2017-05-29 17:29:38-0400 [-] <RemoteCommand 'listdir' at 139929745368464>: RemoteCommand.run [2]
2017-05-29 17:29:38-0400 [Broker,0,127.0.0.1] <RemoteCommand 'listdir' at 139929745368464> rc=0
2017-05-29 17:29:38-0400 [-] No git repo present, making full clone
2017-05-29 17:29:38-0400 [-] <RemoteShellCommand '['git', 'clone', 'https://github.com/ibrahimai/FRoC', '.']'>: RemoteCommand.run [3]
2017-05-29 17:29:38-0400 [-] command '['git', 'clone', 'https://github.com/ibrahimai/FRoC', '.']' in dir 'build'
2017-05-29 17:29:39-0400 [Broker,0,127.0.0.1] <RemoteShellCommand '['git', 'clone', 'https://github.com/ibrahimai/FRoC', '.']'> rc=0
2017-05-29 17:29:39-0400 [-] <RemoteShellCommand '['git', 'rev-parse', 'HEAD']'>: RemoteCommand.run [4]
2017-05-29 17:29:39-0400 [-] command '['git', 'rev-parse', 'HEAD']' in dir 'build'
2017-05-29 17:29:39-0400 [Broker,0,127.0.0.1] <RemoteShellCommand '['git', 'rev-parse', 'HEAD']'> rc=0
2017-05-29 17:29:39-0400 [-] Got Git revision 33c233a3b647b7227056225d8cced12412129281
2017-05-29 17:29:39-0400 [-] Closing log, sending result of the command None 
2017-05-29 17:29:40-0400 [-] releaseLocks(Git(repourl='https://github.com/ibrahimai/FRoC', method='clobber', name='get_repo')): []
2017-05-29 17:29:40-0400 [-]  step 'get_repo' complete: success (None)
2017-05-29 17:29:40-0400 [-] ShellCommand.startCommand(cmd=<RemoteShellCommand ''rm ~/buildbot/worker/FRoC_build/build/multiple_paths/build/makefile''>)
2017-05-29 17:29:40-0400 [-]   cmd.args = {'workdir': 'build', 'env': None, 'want_stderr': 1, 'logEnviron': True, 'sigtermTime': None, 'logfiles': {}, 'timeout': 1200, 'want_stdout': 1, 'usePTY': None, 'maxTime': None, 'initial_stdin': None}
2017-05-29 17:29:40-0400 [-] <RemoteShellCommand ''rm ~/buildbot/worker/FRoC_build/build/multiple_paths/build/makefile''>: RemoteCommand.run [5]
2017-05-29 17:29:40-0400 [-] command 'rm ~/buildbot/worker/FRoC_build/build/multiple_paths/build/makefile' in dir 'build'
2017-05-29 17:29:40-0400 [Broker,0,127.0.0.1] <RemoteShellCommand ''rm ~/buildbot/worker/FRoC_build/build/multiple_paths/build/makefile''> rc=0
2017-05-29 17:29:40-0400 [-] closing log <buildbot.process.buildstep.SyncLogFileWrapper object at 0x7f43eec73810>
2017-05-29 17:29:40-0400 [-] releaseLocks(ShellCommand(haltOnFailure=True, command='rm ~/buildbot/worker/FRoC_build/build/multiple_paths/build/makefile', description='run tester', name='delete_makefile')): []
2017-05-29 17:29:40-0400 [-]  step 'delete_makefile' complete: success (None)
2017-05-29 17:29:40-0400 [-] ShellCommand.startCommand(cmd=<RemoteShellCommand ''cp ~/buildbot/worker/makefile-local ~/buildbot/worker/FRoC_build/build/multiple_paths/build/makefile''>)
2017-05-29 17:29:40-0400 [-]   cmd.args = {'workdir': 'build', 'env': None, 'want_stderr': 1, 'logEnviron': True, 'sigtermTime': None, 'logfiles': {}, 'timeout': 1200, 'want_stdout': 1, 'usePTY': None, 'maxTime': None, 'initial_stdin': None}
2017-05-29 17:29:40-0400 [-] <RemoteShellCommand ''cp ~/buildbot/worker/makefile-local ~/buildbot/worker/FRoC_build/build/multiple_paths/build/makefile''>: RemoteCommand.run [6]
2017-05-29 17:29:40-0400 [-] command 'cp ~/buildbot/worker/makefile-local ~/buildbot/worker/FRoC_build/build/multiple_paths/build/makefile' in dir 'build'
2017-05-29 17:29:40-0400 [Broker,0,127.0.0.1] <RemoteShellCommand ''cp ~/buildbot/worker/makefile-local ~/buildbot/worker/FRoC_build/build/multiple_paths/build/makefile''> rc=1
2017-05-29 17:29:40-0400 [-] closing log <buildbot.process.buildstep.SyncLogFileWrapper object at 0x7f43eebf1790>
2017-05-29 17:29:41-0400 [-] releaseLocks(ShellCommand(haltOnFailure=True, command='cp ~/buildbot/worker/makefile-local ~/buildbot/worker/FRoC_build/build/multiple_paths/build/makefile', description='run tester', name='replace_makefile')): []
2017-05-29 17:29:41-0400 [-]  step 'replace_makefile' complete: failure ([u"'cp ~/buildbot/worker/makefile-local ...' (failure)"])
2017-05-29 17:29:41-0400 [-]  <Build FRoC_build number:1 results:failure>: build finished
2017-05-29 17:29:41-0400 [-] releaseLocks(<Worker u'FRoC-worker'>): []
2017-05-29 17:29:57-0400 [_GenericHTTPChannelProtocol,0,128.100.241.3] while decoding JWT session
	Traceback (most recent call last):
	Failure: jwt.exceptions.DecodeError: Signature verification failed
	
2017-05-29 17:30:49-0400 [-] added buildset 2 to database
2017-05-29 17:30:49-0400 [-] starting build <Build FRoC_build number:None results:success> using worker <WorkerForBuilder builder=u'FRoC_build' worker=u'FRoC-worker' state=AVAILABLE>
2017-05-29 17:30:49-0400 [-] <Build FRoC_build number:None results:success>.startBuild
2017-05-29 17:30:49-0400 [-] acquireLocks(worker <Worker u'FRoC-worker'>, locks [])
2017-05-29 17:30:50-0400 [-] starting build <Build FRoC_build number:2 results:success>.. pinging the worker <WorkerForBuilder builder=u'FRoC_build' worker=u'FRoC-worker' state=BUILDING>
2017-05-29 17:30:50-0400 [-] sending ping
2017-05-29 17:30:50-0400 [Broker,0,127.0.0.1] ping finished: success
2017-05-29 17:30:50-0400 [-] <RemoteShellCommand '['git', '--version']'>: RemoteCommand.run [7]
2017-05-29 17:30:50-0400 [-] command '['git', '--version']' in dir 'build'
2017-05-29 17:30:50-0400 [Broker,0,127.0.0.1] <RemoteShellCommand '['git', '--version']'> rc=0
2017-05-29 17:30:50-0400 [-] <RemoteCommand 'stat' at 139929738319120>: RemoteCommand.run [8]
2017-05-29 17:30:50-0400 [Broker,0,127.0.0.1] <RemoteCommand 'stat' at 139929738319120> rc=2
2017-05-29 17:30:50-0400 [-] <RemoteCommand 'listdir' at 139929745023952>: RemoteCommand.run [9]
2017-05-29 17:30:50-0400 [Broker,0,127.0.0.1] <RemoteCommand 'listdir' at 139929745023952> rc=0
2017-05-29 17:30:50-0400 [-] <RemoteShellCommand '['git', 'fetch', '-t', 'https://github.com/ibrahimai/FRoC', 'HEAD']'>: RemoteCommand.run [10]
2017-05-29 17:30:50-0400 [-] command '['git', 'fetch', '-t', 'https://github.com/ibrahimai/FRoC', 'HEAD']' in dir 'build'
2017-05-29 17:30:50-0400 [Broker,0,127.0.0.1] <RemoteShellCommand '['git', 'fetch', '-t', 'https://github.com/ibrahimai/FRoC', 'HEAD']'> rc=0
2017-05-29 17:30:50-0400 [-] <RemoteShellCommand '['git', 'reset', '--hard', 'FETCH_HEAD', '--']'>: RemoteCommand.run [11]
2017-05-29 17:30:50-0400 [-] command '['git', 'reset', '--hard', 'FETCH_HEAD', '--']' in dir 'build'
2017-05-29 17:30:50-0400 [Broker,0,127.0.0.1] <RemoteShellCommand '['git', 'reset', '--hard', 'FETCH_HEAD', '--']'> rc=0
2017-05-29 17:30:50-0400 [-] <RemoteShellCommand '['git', 'rev-parse', 'HEAD']'>: RemoteCommand.run [12]
2017-05-29 17:30:50-0400 [-] command '['git', 'rev-parse', 'HEAD']' in dir 'build'
2017-05-29 17:30:50-0400 [Broker,0,127.0.0.1] <RemoteShellCommand '['git', 'rev-parse', 'HEAD']'> rc=0
2017-05-29 17:30:50-0400 [-] Got Git revision 33c233a3b647b7227056225d8cced12412129281
2017-05-29 17:30:50-0400 [-] Closing log, sending result of the command None 
2017-05-29 17:30:51-0400 [-] releaseLocks(Git(repourl='https://github.com/ibrahimai/FRoC', method='clobber', name='get_repo')): []
2017-05-29 17:30:51-0400 [-]  step 'get_repo' complete: success (None)
2017-05-29 17:30:51-0400 [-] ShellCommand.startCommand(cmd=<RemoteShellCommand ''rm ~/buildbot/worker/FRoC_build/build/multiple_paths/build/makefile''>)
2017-05-29 17:30:51-0400 [-]   cmd.args = {'workdir': 'build', 'env': None, 'want_stderr': 1, 'logEnviron': True, 'sigtermTime': None, 'logfiles': {}, 'timeout': 1200, 'want_stdout': 1, 'usePTY': None, 'maxTime': None, 'initial_stdin': None}
2017-05-29 17:30:51-0400 [-] <RemoteShellCommand ''rm ~/buildbot/worker/FRoC_build/build/multiple_paths/build/makefile''>: RemoteCommand.run [13]
2017-05-29 17:30:51-0400 [-] command 'rm ~/buildbot/worker/FRoC_build/build/multiple_paths/build/makefile' in dir 'build'
2017-05-29 17:30:51-0400 [Broker,0,127.0.0.1] <RemoteShellCommand ''rm ~/buildbot/worker/FRoC_build/build/multiple_paths/build/makefile''> rc=0
2017-05-29 17:30:51-0400 [-] closing log <buildbot.process.buildstep.SyncLogFileWrapper object at 0x7f43ee59b590>
2017-05-29 17:30:52-0400 [-] releaseLocks(ShellCommand(haltOnFailure=True, command='rm ~/buildbot/worker/FRoC_build/build/multiple_paths/build/makefile', description='run tester', name='delete_makefile')): []
2017-05-29 17:30:52-0400 [-]  step 'delete_makefile' complete: success (None)
2017-05-29 17:30:52-0400 [-] ShellCommand.startCommand(cmd=<RemoteShellCommand ''cp ~/buildbot/worker/makefile-local ~/buildbot/worker/FRoC_build/build/multiple_paths/build/makefile''>)
2017-05-29 17:30:52-0400 [-]   cmd.args = {'workdir': 'build', 'env': None, 'want_stderr': 1, 'logEnviron': True, 'sigtermTime': None, 'logfiles': {}, 'timeout': 1200, 'want_stdout': 1, 'usePTY': None, 'maxTime': None, 'initial_stdin': None}
2017-05-29 17:30:52-0400 [-] <RemoteShellCommand ''cp ~/buildbot/worker/makefile-local ~/buildbot/worker/FRoC_build/build/multiple_paths/build/makefile''>: RemoteCommand.run [14]
2017-05-29 17:30:52-0400 [-] command 'cp ~/buildbot/worker/makefile-local ~/buildbot/worker/FRoC_build/build/multiple_paths/build/makefile' in dir 'build'
2017-05-29 17:30:52-0400 [Broker,0,127.0.0.1] <RemoteShellCommand ''cp ~/buildbot/worker/makefile-local ~/buildbot/worker/FRoC_build/build/multiple_paths/build/makefile''> rc=0
2017-05-29 17:30:52-0400 [-] closing log <buildbot.process.buildstep.SyncLogFileWrapper object at 0x7f43eec28090>
2017-05-29 17:30:52-0400 [-] releaseLocks(ShellCommand(haltOnFailure=True, command='cp ~/buildbot/worker/makefile-local ~/buildbot/worker/FRoC_build/build/multiple_paths/build/makefile', description='run tester', name='replace_makefile')): []
2017-05-29 17:30:52-0400 [-]  step 'replace_makefile' complete: success (None)
2017-05-29 17:30:52-0400 [-] ShellCommand.startCommand(cmd=<RemoteShellCommand ''python ~/FRoC_TEST_PACKAGE/Scripts/run_FRoC_tester.py -b''>)
2017-05-29 17:30:52-0400 [-]   cmd.args = {'workdir': 'build', 'env': None, 'want_stderr': 1, 'logEnviron': True, 'sigtermTime': None, 'logfiles': {}, 'timeout': 1200, 'want_stdout': 1, 'usePTY': None, 'maxTime': None, 'initial_stdin': None}
2017-05-29 17:30:52-0400 [-] <RemoteShellCommand ''python ~/FRoC_TEST_PACKAGE/Scripts/run_FRoC_tester.py -b''>: RemoteCommand.run [15]
2017-05-29 17:30:52-0400 [-] command 'python ~/FRoC_TEST_PACKAGE/Scripts/run_FRoC_tester.py -b' in dir 'build'
2017-05-29 17:31:11-0400 [Broker,0,127.0.0.1] <RemoteShellCommand ''python ~/FRoC_TEST_PACKAGE/Scripts/run_FRoC_tester.py -b''> rc=0
2017-05-29 17:31:11-0400 [-] closing log <buildbot.process.buildstep.SyncLogFileWrapper object at 0x7f43ee59b310>
2017-05-29 17:31:11-0400 [-] releaseLocks(ShellCommand(haltOnFailure=True, command='python ~/FRoC_TEST_PACKAGE/Scripts/run_FRoC_tester.py -b', description='run tester', name='build')): []
2017-05-29 17:31:11-0400 [-]  step 'build' complete: success (None)
2017-05-29 17:31:11-0400 [-] ShellCommand.startCommand(cmd=<RemoteShellCommand ''python ~/FRoC_TEST_PACKAGE/Scripts/run_FRoC_tester.py -b -s -a''>)
2017-05-29 17:31:11-0400 [-]   cmd.args = {'workdir': 'build', 'env': None, 'want_stderr': 1, 'logEnviron': True, 'sigtermTime': None, 'logfiles': {}, 'timeout': 1200, 'want_stdout': 1, 'usePTY': None, 'maxTime': None, 'initial_stdin': None}
2017-05-29 17:31:11-0400 [-] <RemoteShellCommand ''python ~/FRoC_TEST_PACKAGE/Scripts/run_FRoC_tester.py -b -s -a''>: RemoteCommand.run [16]
2017-05-29 17:31:11-0400 [-] command 'python ~/FRoC_TEST_PACKAGE/Scripts/run_FRoC_tester.py -b -s -a' in dir 'build'
2017-05-29 17:31:25-0400 [Broker,0,127.0.0.1] <RemoteShellCommand ''python ~/FRoC_TEST_PACKAGE/Scripts/run_FRoC_tester.py -b -s -a''> rc=0
2017-05-29 17:31:25-0400 [-] closing log <buildbot.process.buildstep.SyncLogFileWrapper object at 0x7f43ee53d9d0>
2017-05-29 17:31:25-0400 [-] releaseLocks(ShellCommand(haltOnFailure=True, command='python ~/FRoC_TEST_PACKAGE/Scripts/run_FRoC_tester.py -b -s -a', description='run tester', name='simulate all')): []
2017-05-29 17:31:25-0400 [-]  step 'simulate all' complete: success (None)
2017-05-29 17:31:26-0400 [-] ShellCommand.startCommand(cmd=<RemoteShellCommand ''python ~/FRoC_TEST_PACKAGE/Scripts/run_FRoC_tester.py -b -n crossbar''>)
2017-05-29 17:31:26-0400 [-]   cmd.args = {'workdir': 'build', 'env': None, 'want_stderr': 1, 'logEnviron': True, 'sigtermTime': None, 'logfiles': {}, 'timeout': 1200, 'want_stdout': 1, 'usePTY': None, 'maxTime': None, 'initial_stdin': None}
2017-05-29 17:31:26-0400 [-] <RemoteShellCommand ''python ~/FRoC_TEST_PACKAGE/Scripts/run_FRoC_tester.py -b -n crossbar''>: RemoteCommand.run [17]
2017-05-29 17:31:26-0400 [-] command 'python ~/FRoC_TEST_PACKAGE/Scripts/run_FRoC_tester.py -b -n crossbar' in dir 'build'
2017-05-29 17:31:50-0400 [-] Timing out client: IPv4Address(TCP, '128.100.241.3', 38794)
2017-05-29 17:31:50-0400 [-] Timing out client: IPv4Address(TCP, '128.100.241.3', 38798)
2017-05-29 17:31:59-0400 [-] Timing out client: IPv4Address(TCP, '128.100.241.3', 38790)
2017-05-29 17:31:59-0400 [-] Timing out client: IPv4Address(TCP, '128.100.241.3', 38788)
2017-05-29 17:31:59-0400 [-] Timing out client: IPv4Address(TCP, '128.100.241.3', 38792)
2017-05-29 17:31:59-0400 [-] Timing out client: IPv4Address(TCP, '128.100.241.3', 38796)
2017-05-29 17:32:15-0400 [Broker,0,127.0.0.1] <RemoteShellCommand ''python ~/FRoC_TEST_PACKAGE/Scripts/run_FRoC_tester.py -b -n crossbar''> rc=0
2017-05-29 17:32:15-0400 [-] closing log <buildbot.process.buildstep.SyncLogFileWrapper object at 0x7f43ee59b450>
2017-05-29 17:32:15-0400 [-] releaseLocks(ShellCommand(haltOnFailure=True, command='python ~/FRoC_TEST_PACKAGE/Scripts/run_FRoC_tester.py -b -n crossbar', description='run tester', name='Full Test Crossbar')): []
2017-05-29 17:32:15-0400 [-]  step 'Full Test Crossbar' complete: success (None)
2017-05-29 17:32:15-0400 [-]  <Build FRoC_build number:2 results:success>: build finished
2017-05-29 17:32:15-0400 [-] releaseLocks(<Worker u'FRoC-worker'>): []
2017-05-29 17:32:49-0400 [-] gitpoller: processing changes from "https://github.com/ibrahimai/FRoC"
2017-05-29 17:33:04-0400 [-] Timing out client: IPv4Address(TCP, '128.100.241.3', 38816)
2017-05-29 17:33:16-0400 [-] Timing out client: IPv4Address(TCP, '128.100.241.3', 38820)
2017-05-29 17:33:16-0400 [-] Timing out client: IPv4Address(TCP, '128.100.241.3', 38824)
2017-05-29 17:33:16-0400 [-] Timing out client: IPv4Address(TCP, '128.100.241.3', 38818)
2017-05-29 17:33:16-0400 [-] Timing out client: IPv4Address(TCP, '128.100.241.3', 38814)
2017-05-29 17:33:17-0400 [-] Timing out client: IPv4Address(TCP, '128.100.241.3', 38822)
2017-05-29 17:33:49-0400 [-] added buildset 3 to database
2017-05-29 17:33:49-0400 [-] starting build <Build FRoC_build number:None results:success> using worker <WorkerForBuilder builder=u'FRoC_build' worker=u'FRoC-worker' state=AVAILABLE>
2017-05-29 17:33:49-0400 [-] <Build FRoC_build number:None results:success>.startBuild
2017-05-29 17:33:50-0400 [-] acquireLocks(worker <Worker u'FRoC-worker'>, locks [])
2017-05-29 17:33:50-0400 [-] starting build <Build FRoC_build number:3 results:success>.. pinging the worker <WorkerForBuilder builder=u'FRoC_build' worker=u'FRoC-worker' state=BUILDING>
2017-05-29 17:33:50-0400 [-] sending ping
2017-05-29 17:33:50-0400 [Broker,0,127.0.0.1] ping finished: success
2017-05-29 17:33:50-0400 [-] <RemoteShellCommand '['git', '--version']'>: RemoteCommand.run [18]
2017-05-29 17:33:50-0400 [-] command '['git', '--version']' in dir 'build'
2017-05-29 17:33:50-0400 [Broker,0,127.0.0.1] <RemoteShellCommand '['git', '--version']'> rc=0
2017-05-29 17:33:50-0400 [-] <RemoteCommand 'stat' at 139929745261968>: RemoteCommand.run [19]
2017-05-29 17:33:50-0400 [Broker,0,127.0.0.1] <RemoteCommand 'stat' at 139929745261968> rc=2
2017-05-29 17:33:50-0400 [-] <RemoteCommand 'listdir' at 139929744986576>: RemoteCommand.run [20]
2017-05-29 17:33:50-0400 [Broker,0,127.0.0.1] <RemoteCommand 'listdir' at 139929744986576> rc=0
2017-05-29 17:33:50-0400 [-] <RemoteShellCommand '['git', 'fetch', '-t', 'https://github.com/ibrahimai/FRoC', 'HEAD']'>: RemoteCommand.run [21]
2017-05-29 17:33:50-0400 [-] command '['git', 'fetch', '-t', 'https://github.com/ibrahimai/FRoC', 'HEAD']' in dir 'build'
2017-05-29 17:33:51-0400 [Broker,0,127.0.0.1] <RemoteShellCommand '['git', 'fetch', '-t', 'https://github.com/ibrahimai/FRoC', 'HEAD']'> rc=0
2017-05-29 17:33:51-0400 [-] <RemoteShellCommand '['git', 'reset', '--hard', 'FETCH_HEAD', '--']'>: RemoteCommand.run [22]
2017-05-29 17:33:51-0400 [-] command '['git', 'reset', '--hard', 'FETCH_HEAD', '--']' in dir 'build'
2017-05-29 17:33:51-0400 [Broker,0,127.0.0.1] <RemoteShellCommand '['git', 'reset', '--hard', 'FETCH_HEAD', '--']'> rc=0
2017-05-29 17:33:51-0400 [-] <RemoteShellCommand '['git', 'rev-parse', 'HEAD']'>: RemoteCommand.run [23]
2017-05-29 17:33:51-0400 [-] command '['git', 'rev-parse', 'HEAD']' in dir 'build'
2017-05-29 17:33:51-0400 [Broker,0,127.0.0.1] <RemoteShellCommand '['git', 'rev-parse', 'HEAD']'> rc=0
2017-05-29 17:33:51-0400 [-] Got Git revision 33c233a3b647b7227056225d8cced12412129281
2017-05-29 17:33:51-0400 [-] Closing log, sending result of the command None 
2017-05-29 17:33:51-0400 [-] releaseLocks(Git(repourl='https://github.com/ibrahimai/FRoC', method='clobber', name='get_repo')): []
2017-05-29 17:33:51-0400 [-]  step 'get_repo' complete: success (None)
2017-05-29 17:33:52-0400 [-] ShellCommand.startCommand(cmd=<RemoteShellCommand ''rm ~/buildbot/worker/FRoC_build/build/multiple_paths/build/makefile''>)
2017-05-29 17:33:52-0400 [-]   cmd.args = {'workdir': 'build', 'env': None, 'want_stderr': 1, 'logEnviron': True, 'sigtermTime': None, 'logfiles': {}, 'timeout': 1200, 'want_stdout': 1, 'usePTY': None, 'maxTime': None, 'initial_stdin': None}
2017-05-29 17:33:52-0400 [-] <RemoteShellCommand ''rm ~/buildbot/worker/FRoC_build/build/multiple_paths/build/makefile''>: RemoteCommand.run [24]
2017-05-29 17:33:52-0400 [-] command 'rm ~/buildbot/worker/FRoC_build/build/multiple_paths/build/makefile' in dir 'build'
2017-05-29 17:33:52-0400 [Broker,0,127.0.0.1] <RemoteShellCommand ''rm ~/buildbot/worker/FRoC_build/build/multiple_paths/build/makefile''> rc=0
2017-05-29 17:33:52-0400 [-] closing log <buildbot.process.buildstep.SyncLogFileWrapper object at 0x7f43ee59ba90>
2017-05-29 17:33:52-0400 [-] releaseLocks(ShellCommand(haltOnFailure=True, command='rm ~/buildbot/worker/FRoC_build/build/multiple_paths/build/makefile', description='run tester', name='delete_makefile')): []
2017-05-29 17:33:52-0400 [-]  step 'delete_makefile' complete: success (None)
2017-05-29 17:33:52-0400 [-] ShellCommand.startCommand(cmd=<RemoteShellCommand ''cp ~/buildbot/worker/makefile-local ~/buildbot/worker/FRoC_build/build/multiple_paths/build/makefile''>)
2017-05-29 17:33:52-0400 [-]   cmd.args = {'workdir': 'build', 'env': None, 'want_stderr': 1, 'logEnviron': True, 'sigtermTime': None, 'logfiles': {}, 'timeout': 1200, 'want_stdout': 1, 'usePTY': None, 'maxTime': None, 'initial_stdin': None}
2017-05-29 17:33:52-0400 [-] <RemoteShellCommand ''cp ~/buildbot/worker/makefile-local ~/buildbot/worker/FRoC_build/build/multiple_paths/build/makefile''>: RemoteCommand.run [25]
2017-05-29 17:33:52-0400 [-] command 'cp ~/buildbot/worker/makefile-local ~/buildbot/worker/FRoC_build/build/multiple_paths/build/makefile' in dir 'build'
2017-05-29 17:33:52-0400 [Broker,0,127.0.0.1] <RemoteShellCommand ''cp ~/buildbot/worker/makefile-local ~/buildbot/worker/FRoC_build/build/multiple_paths/build/makefile''> rc=0
2017-05-29 17:33:52-0400 [-] closing log <buildbot.process.buildstep.SyncLogFileWrapper object at 0x7f43eec42bd0>
2017-05-29 17:33:52-0400 [-] releaseLocks(ShellCommand(haltOnFailure=True, command='cp ~/buildbot/worker/makefile-local ~/buildbot/worker/FRoC_build/build/multiple_paths/build/makefile', description='run tester', name='replace_makefile')): []
2017-05-29 17:33:52-0400 [-]  step 'replace_makefile' complete: success (None)
2017-05-29 17:33:52-0400 [-] ShellCommand.startCommand(cmd=<RemoteShellCommand ''python ~/FRoC_TEST_PACKAGE/Scripts/run_FRoC_tester.py -b''>)
2017-05-29 17:33:52-0400 [-]   cmd.args = {'workdir': 'build', 'env': None, 'want_stderr': 1, 'logEnviron': True, 'sigtermTime': None, 'logfiles': {}, 'timeout': 1200, 'want_stdout': 1, 'usePTY': None, 'maxTime': None, 'initial_stdin': None}
2017-05-29 17:33:52-0400 [-] <RemoteShellCommand ''python ~/FRoC_TEST_PACKAGE/Scripts/run_FRoC_tester.py -b''>: RemoteCommand.run [26]
2017-05-29 17:33:52-0400 [-] command 'python ~/FRoC_TEST_PACKAGE/Scripts/run_FRoC_tester.py -b' in dir 'build'
2017-05-29 17:33:53-0400 [Broker,0,127.0.0.1] <RemoteShellCommand ''python ~/FRoC_TEST_PACKAGE/Scripts/run_FRoC_tester.py -b''> rc=0
2017-05-29 17:33:53-0400 [-] closing log <buildbot.process.buildstep.SyncLogFileWrapper object at 0x7f43eec738d0>
2017-05-29 17:33:53-0400 [-] releaseLocks(ShellCommand(haltOnFailure=True, command='python ~/FRoC_TEST_PACKAGE/Scripts/run_FRoC_tester.py -b', description='run tester', name='build')): []
2017-05-29 17:33:53-0400 [-]  step 'build' complete: success (None)
2017-05-29 17:33:53-0400 [-] ShellCommand.startCommand(cmd=<RemoteShellCommand ''python ~/FRoC_TEST_PACKAGE/Scripts/run_FRoC_tester.py -b -s -a''>)
2017-05-29 17:33:53-0400 [-]   cmd.args = {'workdir': 'build', 'env': None, 'want_stderr': 1, 'logEnviron': True, 'sigtermTime': None, 'logfiles': {}, 'timeout': 1200, 'want_stdout': 1, 'usePTY': None, 'maxTime': None, 'initial_stdin': None}
2017-05-29 17:33:53-0400 [-] <RemoteShellCommand ''python ~/FRoC_TEST_PACKAGE/Scripts/run_FRoC_tester.py -b -s -a''>: RemoteCommand.run [27]
2017-05-29 17:33:53-0400 [-] command 'python ~/FRoC_TEST_PACKAGE/Scripts/run_FRoC_tester.py -b -s -a' in dir 'build'
2017-05-29 17:33:53-0400 [-] beginning configuration update
2017-05-29 17:33:53-0400 [-] Loading configuration from '/home/frocbot/buildbot/master/master.cfg'
2017-05-29 17:33:53-0400 [-] adding 0 new schedulers, removing 1
2017-05-29 17:33:54-0400 [-] configuration update complete
2017-05-29 17:34:06-0400 [-] Received SIGTERM, shutting down.
2017-05-29 17:34:06-0400 [-] doing housekeeping for master 1 betzgrp-pchenry:/home/frocbot/buildbot/master
2017-05-29 17:34:06-0400 [-] Initiating clean shutdown
2017-05-29 17:34:06-0400 [-]  <Build FRoC_build number:3 results:success>: stopping build: Master Shutdown 5
2017-05-29 17:34:06-0400 [-] RemoteCommand.interrupt <RemoteShellCommand ''python ~/FRoC_TEST_PACKAGE/Scripts/run_FRoC_tester.py -b -s -a''> Master Shutdown
2017-05-29 17:34:06-0400 [-] Waiting for 1 build(s) to finish
2017-05-29 17:34:06-0400 [Broker,0,127.0.0.1] <RemoteShellCommand ''python ~/FRoC_TEST_PACKAGE/Scripts/run_FRoC_tester.py -b -s -a''> rc=-1
2017-05-29 17:34:06-0400 [-] closing log <buildbot.process.buildstep.SyncLogFileWrapper object at 0x7f43ee53d990>
2017-05-29 17:34:07-0400 [-] releaseLocks(ShellCommand(haltOnFailure=True, command='python ~/FRoC_TEST_PACKAGE/Scripts/run_FRoC_tester.py -b -s -a', description='run tester', name='simulate all')): []
2017-05-29 17:34:07-0400 [-]  step 'simulate all' complete: exception ([u"'python ~/FRoC_TEST_PACKAGE/Scripts/run_FRoC_tester.py ...' (exception)"])
2017-05-29 17:34:07-0400 [-]  <Build FRoC_build number:3 results:retry>: build finished
2017-05-29 17:34:07-0400 [-] Builder <Builder 'u'FRoC_build'' at 139929759627600> has 1 builds running
2017-05-29 17:34:07-0400 [-] Not shutting down, there are 1 builds running
2017-05-29 17:34:07-0400 [-] Trying shutdown sequence again
2017-05-29 17:34:07-0400 [-] releaseLocks(<Worker u'FRoC-worker'>): []
2017-05-29 17:34:08-0400 [-] No running jobs, starting shutdown immediately
2017-05-29 17:34:08-0400 [-] (TCP Port 9080 Closed)
2017-05-29 17:34:08-0400 [-] Stopping factory <buildbot.www.service.BuildbotSite instance at 0x7f43ef784d88>
2017-05-29 17:34:08-0400 [-] (TCP Port 9088 Closed)
2017-05-29 17:34:08-0400 [-] Stopping factory <twisted.spread.pb.PBServerFactory instance at 0x7f43eec7e440>
2017-05-29 17:34:08-0400 [-] BuildMaster is stopped
2017-05-29 17:34:08-0400 [Broker,0,127.0.0.1] Worker.detached(FRoC-worker)
2017-05-29 17:34:08-0400 [Broker,0,127.0.0.1] releaseLocks(<Worker u'FRoC-worker'>): []
2017-05-29 17:34:08-0400 [Broker,0,127.0.0.1] Worker FRoC-worker detached from FRoC_build
2017-05-29 17:34:08-0400 [-] Main loop terminated.
2017-05-29 17:34:08-0400 [-] Server Shut Down.
2017-05-29 17:37:35-0400 [-] Loading buildbot.tac...
2017-05-29 17:37:36-0400 [-] Loaded.
2017-05-29 17:37:36-0400 [-] twistd 17.1.0 (/home/frocbot/buildbot/sandbox/bin/python 2.7.6) starting up.
2017-05-29 17:37:36-0400 [-] reactor class: twisted.internet.epollreactor.EPollReactor.
2017-05-29 17:37:36-0400 [-] Starting BuildMaster -- buildbot.version: 0.9.7
2017-05-29 17:37:36-0400 [-] Loading configuration from '/home/frocbot/buildbot/master/master.cfg'
2017-05-29 17:37:36-0400 [-] /home/frocbot/buildbot/sandbox/local/lib/python2.7/site-packages/buildbot/config.py:99: buildbot.config.ConfigWarning: [0.9.0 and later] `buildbotNetUsageData` is not configured and defaults to basic.
	This parameter helps the buildbot development team to understand the installation base.
	No personal information is collected.
	Only installation software version info and plugin usage is sent.
	You can `opt-out` by setting this variable to None.
	Or `opt-in` for more information by setting it to "full".
	
2017-05-29 17:37:36-0400 [-] Setting up database with URL 'sqlite:/state.sqlite'
2017-05-29 17:37:36-0400 [-] setting database journal mode to 'wal'
2017-05-29 17:37:36-0400 [-] adding 1 new change_sources, removing 0
2017-05-29 17:37:36-0400 [-] adding 1 new builders, removing 0
2017-05-29 17:37:36-0400 [-] adding 1 new schedulers, removing 0
2017-05-29 17:37:36-0400 [-] initializing www plugin 'waterfall_view'
2017-05-29 17:37:36-0400 [-] initializing www plugin 'console_view'
2017-05-29 17:37:36-0400 [-] BuildbotSite starting on 9080
2017-05-29 17:37:36-0400 [-] Starting factory <buildbot.www.service.BuildbotSite instance at 0x7eff0450e368>
2017-05-29 17:37:36-0400 [-] adding 1 new workers, removing 0
2017-05-29 17:37:37-0400 [-] PBServerFactory starting on 9088
2017-05-29 17:37:37-0400 [-] Starting factory <twisted.spread.pb.PBServerFactory instance at 0x7eff04553dd0>
2017-05-29 17:37:37-0400 [-] BuildMaster is running
2017-05-29 17:37:37-0400 [-] buildbotNetUsageData: sending {'installid': '76f5c95f1e959108282fa9eff0d502e9425f2704', 'versions': {'Python': '2.7.6', 'Twisted': '17.1.0', 'Buildbot': '0.9.7'}, 'db': 'sqlite', 'platform': {'python_implementation': 'CPython', 'system': 'Linux', 'machine': 'x86_64', 'platform': 'Linux-4.4.0-75-generic-x86_64-with-Ubuntu-14.04-trusty', 'version': '#96~14.04.1-Ubuntu SMP Thu Apr', 'processor': 'x86_64', 'distro': 'ubuntu:14.04'}, 'mq': 'simple', 'plugins': {'buildbot/steps/source/git/Git': 1, 'buildbot/steps/shell/ShellCommand': 5, 'buildbot/worker/base/Worker': 1, 'buildbot/schedulers/basic/SingleBranchScheduler': 1, 'buildbot/changes/gitpoller/GitPoller': 1, 'buildbot/config/BuilderConfig': 1}, 'www_plugins': ['waterfall_view', 'console_view']}
2017-05-29 17:37:37-0400 [-] buildbotNetUsageData: buildbot.net said: ok
2017-05-29 17:37:37-0400 [Broker,0,127.0.0.1] worker 'FRoC-worker' attaching from IPv4Address(TCP, '127.0.0.1', 32894)
2017-05-29 17:37:37-0400 [Broker,0,127.0.0.1] Got workerinfo from 'FRoC-worker'
2017-05-29 17:37:37-0400 [-] bot attached
2017-05-29 17:37:37-0400 [Broker,0,127.0.0.1] Worker FRoC-worker attached to FRoC_build
2017-05-29 17:37:37-0400 [-] starting build <Build FRoC_build number:None results:success> using worker <WorkerForBuilder builder=u'FRoC_build' worker=u'FRoC-worker' state=AVAILABLE>
2017-05-29 17:37:37-0400 [-] <Build FRoC_build number:None results:success>.startBuild
2017-05-29 17:37:38-0400 [-] acquireLocks(worker <Worker u'FRoC-worker'>, locks [])
2017-05-29 17:37:38-0400 [-] starting build <Build FRoC_build number:4 results:success>.. pinging the worker <WorkerForBuilder builder=u'FRoC_build' worker=u'FRoC-worker' state=BUILDING>
2017-05-29 17:37:38-0400 [-] sending ping
2017-05-29 17:37:38-0400 [Broker,0,127.0.0.1] ping finished: success
2017-05-29 17:37:38-0400 [-] <RemoteShellCommand '['git', '--version']'>: RemoteCommand.run [0]
2017-05-29 17:37:38-0400 [-] command '['git', '--version']' in dir 'build'
2017-05-29 17:37:38-0400 [Broker,0,127.0.0.1] <RemoteShellCommand '['git', '--version']'> rc=0
2017-05-29 17:37:38-0400 [-] <RemoteCommand 'stat' at 139633753930448>: RemoteCommand.run [1]
2017-05-29 17:37:38-0400 [Broker,0,127.0.0.1] <RemoteCommand 'stat' at 139633753930448> rc=2
2017-05-29 17:37:38-0400 [-] <RemoteCommand 'listdir' at 139633749398928>: RemoteCommand.run [2]
2017-05-29 17:37:38-0400 [Broker,0,127.0.0.1] <RemoteCommand 'listdir' at 139633749398928> rc=0
2017-05-29 17:37:38-0400 [-] <RemoteShellCommand '['git', 'fetch', '-t', 'https://github.com/ibrahimai/FRoC', 'HEAD']'>: RemoteCommand.run [3]
2017-05-29 17:37:38-0400 [-] command '['git', 'fetch', '-t', 'https://github.com/ibrahimai/FRoC', 'HEAD']' in dir 'build'
2017-05-29 17:37:38-0400 [Broker,0,127.0.0.1] <RemoteShellCommand '['git', 'fetch', '-t', 'https://github.com/ibrahimai/FRoC', 'HEAD']'> rc=0
2017-05-29 17:37:38-0400 [-] <RemoteShellCommand '['git', 'reset', '--hard', 'FETCH_HEAD', '--']'>: RemoteCommand.run [4]
2017-05-29 17:37:38-0400 [-] command '['git', 'reset', '--hard', 'FETCH_HEAD', '--']' in dir 'build'
2017-05-29 17:37:38-0400 [Broker,0,127.0.0.1] <RemoteShellCommand '['git', 'reset', '--hard', 'FETCH_HEAD', '--']'> rc=0
2017-05-29 17:37:38-0400 [-] <RemoteShellCommand '['git', 'rev-parse', 'HEAD']'>: RemoteCommand.run [5]
2017-05-29 17:37:38-0400 [-] command '['git', 'rev-parse', 'HEAD']' in dir 'build'
2017-05-29 17:37:38-0400 [Broker,0,127.0.0.1] <RemoteShellCommand '['git', 'rev-parse', 'HEAD']'> rc=0
2017-05-29 17:37:38-0400 [-] Got Git revision 33c233a3b647b7227056225d8cced12412129281
2017-05-29 17:37:38-0400 [-] Closing log, sending result of the command None 
2017-05-29 17:37:39-0400 [-] releaseLocks(Git(repourl='https://github.com/ibrahimai/FRoC', method='clobber', name='get_repo')): []
2017-05-29 17:37:39-0400 [-]  step 'get_repo' complete: success (None)
2017-05-29 17:37:39-0400 [-] ShellCommand.startCommand(cmd=<RemoteShellCommand ''rm ~/buildbot/worker/FRoC_build/build/multiple_paths/build/makefile''>)
2017-05-29 17:37:39-0400 [-]   cmd.args = {'workdir': 'build', 'env': None, 'want_stderr': 1, 'logEnviron': True, 'sigtermTime': None, 'logfiles': {}, 'timeout': 1200, 'want_stdout': 1, 'usePTY': None, 'maxTime': None, 'initial_stdin': None}
2017-05-29 17:37:39-0400 [-] <RemoteShellCommand ''rm ~/buildbot/worker/FRoC_build/build/multiple_paths/build/makefile''>: RemoteCommand.run [6]
2017-05-29 17:37:39-0400 [-] command 'rm ~/buildbot/worker/FRoC_build/build/multiple_paths/build/makefile' in dir 'build'
2017-05-29 17:37:39-0400 [Broker,0,127.0.0.1] <RemoteShellCommand ''rm ~/buildbot/worker/FRoC_build/build/multiple_paths/build/makefile''> rc=0
2017-05-29 17:37:39-0400 [-] closing log <buildbot.process.buildstep.SyncLogFileWrapper object at 0x7eff040961d0>
2017-05-29 17:37:39-0400 [-] releaseLocks(ShellCommand(haltOnFailure=True, command='rm ~/buildbot/worker/FRoC_build/build/multiple_paths/build/makefile', description='run tester', name='delete_makefile')): []
2017-05-29 17:37:39-0400 [-]  step 'delete_makefile' complete: success (None)
2017-05-29 17:37:40-0400 [-] ShellCommand.startCommand(cmd=<RemoteShellCommand ''cp ~/buildbot/worker/makefile-local ~/buildbot/worker/FRoC_build/build/multiple_paths/build/makefile''>)
2017-05-29 17:37:40-0400 [-]   cmd.args = {'workdir': 'build', 'env': None, 'want_stderr': 1, 'logEnviron': True, 'sigtermTime': None, 'logfiles': {}, 'timeout': 1200, 'want_stdout': 1, 'usePTY': None, 'maxTime': None, 'initial_stdin': None}
2017-05-29 17:37:40-0400 [-] <RemoteShellCommand ''cp ~/buildbot/worker/makefile-local ~/buildbot/worker/FRoC_build/build/multiple_paths/build/makefile''>: RemoteCommand.run [7]
2017-05-29 17:37:40-0400 [-] command 'cp ~/buildbot/worker/makefile-local ~/buildbot/worker/FRoC_build/build/multiple_paths/build/makefile' in dir 'build'
2017-05-29 17:37:40-0400 [Broker,0,127.0.0.1] <RemoteShellCommand ''cp ~/buildbot/worker/makefile-local ~/buildbot/worker/FRoC_build/build/multiple_paths/build/makefile''> rc=0
2017-05-29 17:37:40-0400 [-] closing log <buildbot.process.buildstep.SyncLogFileWrapper object at 0x7eff040816d0>
2017-05-29 17:37:40-0400 [-] releaseLocks(ShellCommand(haltOnFailure=True, command='cp ~/buildbot/worker/makefile-local ~/buildbot/worker/FRoC_build/build/multiple_paths/build/makefile', description='run tester', name='replace_makefile')): []
2017-05-29 17:37:40-0400 [-]  step 'replace_makefile' complete: success (None)
2017-05-29 17:37:40-0400 [-] ShellCommand.startCommand(cmd=<RemoteShellCommand ''python ~/FRoC_TEST_PACKAGE/Scripts/run_FRoC_tester.py -b''>)
2017-05-29 17:37:40-0400 [-]   cmd.args = {'workdir': 'build', 'env': None, 'want_stderr': 1, 'logEnviron': True, 'sigtermTime': None, 'logfiles': {}, 'timeout': 1200, 'want_stdout': 1, 'usePTY': None, 'maxTime': None, 'initial_stdin': None}
2017-05-29 17:37:40-0400 [-] <RemoteShellCommand ''python ~/FRoC_TEST_PACKAGE/Scripts/run_FRoC_tester.py -b''>: RemoteCommand.run [8]
2017-05-29 17:37:40-0400 [-] command 'python ~/FRoC_TEST_PACKAGE/Scripts/run_FRoC_tester.py -b' in dir 'build'
2017-05-29 17:37:40-0400 [Broker,0,127.0.0.1] <RemoteShellCommand ''python ~/FRoC_TEST_PACKAGE/Scripts/run_FRoC_tester.py -b''> rc=0
2017-05-29 17:37:40-0400 [-] closing log <buildbot.process.buildstep.SyncLogFileWrapper object at 0x7eff04096990>
2017-05-29 17:37:41-0400 [-] releaseLocks(ShellCommand(haltOnFailure=True, command='python ~/FRoC_TEST_PACKAGE/Scripts/run_FRoC_tester.py -b', description='run tester', name='build')): []
2017-05-29 17:37:41-0400 [-]  step 'build' complete: success (None)
2017-05-29 17:37:41-0400 [-] ShellCommand.startCommand(cmd=<RemoteShellCommand ''python ~/FRoC_TEST_PACKAGE/Scripts/run_FRoC_tester.py -b -s -a''>)
2017-05-29 17:37:41-0400 [-]   cmd.args = {'workdir': 'build', 'env': None, 'want_stderr': 1, 'logEnviron': True, 'sigtermTime': None, 'logfiles': {}, 'timeout': 1200, 'want_stdout': 1, 'usePTY': None, 'maxTime': None, 'initial_stdin': None}
2017-05-29 17:37:41-0400 [-] <RemoteShellCommand ''python ~/FRoC_TEST_PACKAGE/Scripts/run_FRoC_tester.py -b -s -a''>: RemoteCommand.run [9]
2017-05-29 17:37:41-0400 [-] command 'python ~/FRoC_TEST_PACKAGE/Scripts/run_FRoC_tester.py -b -s -a' in dir 'build'
2017-05-29 17:37:56-0400 [Broker,0,127.0.0.1] <RemoteShellCommand ''python ~/FRoC_TEST_PACKAGE/Scripts/run_FRoC_tester.py -b -s -a''> rc=0
2017-05-29 17:37:56-0400 [-] closing log <buildbot.process.buildstep.SyncLogFileWrapper object at 0x7eff04096ad0>
2017-05-29 17:37:56-0400 [-] releaseLocks(ShellCommand(haltOnFailure=True, command='python ~/FRoC_TEST_PACKAGE/Scripts/run_FRoC_tester.py -b -s -a', description='run tester', name='simulate all')): []
2017-05-29 17:37:56-0400 [-]  step 'simulate all' complete: success (None)
2017-05-29 17:37:56-0400 [-] ShellCommand.startCommand(cmd=<RemoteShellCommand ''python ~/FRoC_TEST_PACKAGE/Scripts/run_FRoC_tester.py -b -n crossbar''>)
2017-05-29 17:37:56-0400 [-]   cmd.args = {'workdir': 'build', 'env': None, 'want_stderr': 1, 'logEnviron': True, 'sigtermTime': None, 'logfiles': {}, 'timeout': 1200, 'want_stdout': 1, 'usePTY': None, 'maxTime': None, 'initial_stdin': None}
2017-05-29 17:37:56-0400 [-] <RemoteShellCommand ''python ~/FRoC_TEST_PACKAGE/Scripts/run_FRoC_tester.py -b -n crossbar''>: RemoteCommand.run [10]
2017-05-29 17:37:56-0400 [-] command 'python ~/FRoC_TEST_PACKAGE/Scripts/run_FRoC_tester.py -b -n crossbar' in dir 'build'
2017-05-29 17:38:47-0400 [Broker,0,127.0.0.1] <RemoteShellCommand ''python ~/FRoC_TEST_PACKAGE/Scripts/run_FRoC_tester.py -b -n crossbar''> rc=0
2017-05-29 17:38:47-0400 [-] closing log <buildbot.process.buildstep.SyncLogFileWrapper object at 0x7eff04045f90>
2017-05-29 17:38:48-0400 [-] releaseLocks(ShellCommand(haltOnFailure=True, command='python ~/FRoC_TEST_PACKAGE/Scripts/run_FRoC_tester.py -b -n crossbar', description='run tester', name='Full Test Crossbar')): []
2017-05-29 17:38:48-0400 [-]  step 'Full Test Crossbar' complete: success (None)
2017-05-29 17:38:48-0400 [-]  <Build FRoC_build number:4 results:success>: build finished
2017-05-29 17:38:48-0400 [-] releaseLocks(<Worker u'FRoC-worker'>): []
2017-05-29 17:38:58-0400 [-] Timing out client: IPv4Address(TCP, '128.100.241.3', 39410)
2017-05-29 17:39:46-0400 [-] Timing out client: IPv4Address(TCP, '128.100.241.3', 39404)
2017-05-29 17:39:49-0400 [-] Timing out client: IPv4Address(TCP, '128.100.241.3', 39402)
2017-05-29 17:39:49-0400 [-] Timing out client: IPv4Address(TCP, '128.100.241.3', 39408)
2017-05-29 17:39:49-0400 [-] Timing out client: IPv4Address(TCP, '128.100.241.3', 39412)
2017-05-29 17:39:49-0400 [-] Timing out client: IPv4Address(TCP, '128.100.241.3', 39406)
